2023-07-26 02:35:34,147 :INFO : utility.reusbale :Assertion to verify cart page tile
2023-07-26 02:35:34,199 :INFO : utility.reusbale :Assertion to check added product name
2023-07-26 02:35:34,201 :INFO : utility.reusbale :Assertion to check added product price
2023-07-26 02:35:34,214 :INFO : utility.reusbale :Assertion to check gift wrap field is enabled
2023-07-26 02:35:34,247 :INFO : utility.reusbale :Assertion to check discount field is enabled
2023-07-26 02:35:34,263 :INFO : utility.reusbale :Assertion to check gift card field is enabled
2023-07-26 02:35:34,281 :INFO : utility.reusbale :Assertion to check apply coupon button is enabled
2023-07-26 02:35:34,296 :INFO : utility.reusbale :Assertion to check add gift card button is enabled
2023-07-26 02:35:34,988 :INFO : utility.reusbale :Assertion to check product removed successfully
2023-07-26 02:35:34,988 :INFO : utility.reusbale :Assertion to check product removed successfully
2023-07-26 02:35:41,688 :INFO : utility.reusbale :Assertion to sercah feature
2023-07-26 02:35:41,688 :INFO : utility.reusbale :Assertion to sercah feature
2023-07-26 02:35:41,688 :INFO : utility.reusbale :Assertion to sercah feature
2023-07-26 02:35:41,688 :INFO : utility.reusbale :Assertion to sercah feature
2023-07-26 02:35:42,239 :INFO : utility.reusbale :Assertion to check computer category is enabled
2023-07-26 02:35:42,239 :INFO : utility.reusbale :Assertion to check computer category is enabled
2023-07-26 02:35:42,239 :INFO : utility.reusbale :Assertion to check computer category is enabled
2023-07-26 02:35:42,239 :INFO : utility.reusbale :Assertion to check computer category is enabled
2023-07-26 02:35:42,239 :INFO : utility.reusbale :Assertion to check computer category is enabled
2023-07-26 02:35:42,285 :INFO : utility.reusbale :Assertion to check electronics category is enabled
2023-07-26 02:35:42,285 :INFO : utility.reusbale :Assertion to check electronics category is enabled
2023-07-26 02:35:42,285 :INFO : utility.reusbale :Assertion to check electronics category is enabled
2023-07-26 02:35:42,285 :INFO : utility.reusbale :Assertion to check electronics category is enabled
2023-07-26 02:35:42,285 :INFO : utility.reusbale :Assertion to check electronics category is enabled
2023-07-26 02:35:42,327 :INFO : utility.reusbale :Assertion to  check apparel category is enabled
2023-07-26 02:35:42,327 :INFO : utility.reusbale :Assertion to  check apparel category is enabled
2023-07-26 02:35:42,327 :INFO : utility.reusbale :Assertion to  check apparel category is enabled
2023-07-26 02:35:42,327 :INFO : utility.reusbale :Assertion to  check apparel category is enabled
2023-07-26 02:35:42,327 :INFO : utility.reusbale :Assertion to  check apparel category is enabled
2023-07-26 02:35:42,348 :INFO : utility.reusbale :Assertion to check digital download category is enabled
2023-07-26 02:35:42,348 :INFO : utility.reusbale :Assertion to check digital download category is enabled
2023-07-26 02:35:42,348 :INFO : utility.reusbale :Assertion to check digital download category is enabled
2023-07-26 02:35:42,348 :INFO : utility.reusbale :Assertion to check digital download category is enabled
2023-07-26 02:35:42,348 :INFO : utility.reusbale :Assertion to check digital download category is enabled
2023-07-26 02:35:42,367 :INFO : utility.reusbale :Assertion to check book category is enabled
2023-07-26 02:35:42,367 :INFO : utility.reusbale :Assertion to check book category is enabled
2023-07-26 02:35:42,367 :INFO : utility.reusbale :Assertion to check book category is enabled
2023-07-26 02:35:42,367 :INFO : utility.reusbale :Assertion to check book category is enabled
2023-07-26 02:35:42,367 :INFO : utility.reusbale :Assertion to check book category is enabled
2023-07-26 02:35:42,407 :INFO : utility.reusbale :Assertion to check jewelry category is enabled
2023-07-26 02:35:42,407 :INFO : utility.reusbale :Assertion to check jewelry category is enabled
2023-07-26 02:35:42,407 :INFO : utility.reusbale :Assertion to check jewelry category is enabled
2023-07-26 02:35:42,407 :INFO : utility.reusbale :Assertion to check jewelry category is enabled
2023-07-26 02:35:42,407 :INFO : utility.reusbale :Assertion to check jewelry category is enabled
2023-07-26 02:35:42,428 :INFO : utility.reusbale :Assertion to check giftcard category is enabled
2023-07-26 02:35:42,428 :INFO : utility.reusbale :Assertion to check giftcard category is enabled
2023-07-26 02:35:42,428 :INFO : utility.reusbale :Assertion to check giftcard category is enabled
2023-07-26 02:35:42,428 :INFO : utility.reusbale :Assertion to check giftcard category is enabled
2023-07-26 02:35:42,428 :INFO : utility.reusbale :Assertion to check giftcard category is enabled
2023-07-26 02:35:42,461 :INFO : utility.reusbale :Assertion to add to cart is enabled
2023-07-26 02:35:42,461 :INFO : utility.reusbale :Assertion to add to cart is enabled
2023-07-26 02:35:42,461 :INFO : utility.reusbale :Assertion to add to cart is enabled
2023-07-26 02:35:42,461 :INFO : utility.reusbale :Assertion to add to cart is enabled
2023-07-26 02:35:42,461 :INFO : utility.reusbale :Assertion to add to cart is enabled
2023-07-26 02:35:42,461 :INFO : utility.reusbale :Assertion to add to cart is enabled
2023-07-26 02:35:42,475 :INFO : utility.reusbale :Assertion to wishlist is enabled
2023-07-26 02:35:42,475 :INFO : utility.reusbale :Assertion to wishlist is enabled
2023-07-26 02:35:42,475 :INFO : utility.reusbale :Assertion to wishlist is enabled
2023-07-26 02:35:42,475 :INFO : utility.reusbale :Assertion to wishlist is enabled
2023-07-26 02:35:42,475 :INFO : utility.reusbale :Assertion to wishlist is enabled
2023-07-26 02:35:42,475 :INFO : utility.reusbale :Assertion to wishlist is enabled
2023-07-26 02:35:42,486 :INFO : utility.reusbale :Assertion to check compare feature is enabled
2023-07-26 02:35:42,486 :INFO : utility.reusbale :Assertion to check compare feature is enabled
2023-07-26 02:35:42,486 :INFO : utility.reusbale :Assertion to check compare feature is enabled
2023-07-26 02:35:42,486 :INFO : utility.reusbale :Assertion to check compare feature is enabled
2023-07-26 02:35:42,486 :INFO : utility.reusbale :Assertion to check compare feature is enabled
2023-07-26 02:35:42,486 :INFO : utility.reusbale :Assertion to check compare feature is enabled
2023-07-26 02:35:42,508 :INFO : utility.reusbale :Assertion to check details button  is enabled
2023-07-26 02:35:42,508 :INFO : utility.reusbale :Assertion to check details button  is enabled
2023-07-26 02:35:42,508 :INFO : utility.reusbale :Assertion to check details button  is enabled
2023-07-26 02:35:42,508 :INFO : utility.reusbale :Assertion to check details button  is enabled
2023-07-26 02:35:42,508 :INFO : utility.reusbale :Assertion to check details button  is enabled
2023-07-26 02:35:42,508 :INFO : utility.reusbale :Assertion to check details button  is enabled
2023-07-26 02:35:42,508 :INFO : utility.reusbale :Assertion to check details button  is enabled
2023-07-26 02:35:42,523 :INFO : utility.reusbale :Assertion to check view news archive link is enabled
2023-07-26 02:35:42,523 :INFO : utility.reusbale :Assertion to check view news archive link is enabled
2023-07-26 02:35:42,523 :INFO : utility.reusbale :Assertion to check view news archive link is enabled
2023-07-26 02:35:42,523 :INFO : utility.reusbale :Assertion to check view news archive link is enabled
2023-07-26 02:35:42,523 :INFO : utility.reusbale :Assertion to check view news archive link is enabled
2023-07-26 02:35:42,523 :INFO : utility.reusbale :Assertion to check view news archive link is enabled
2023-07-26 02:35:42,523 :INFO : utility.reusbale :Assertion to check view news archive link is enabled
2023-07-26 02:35:42,545 :INFO : utility.reusbale :Assertion to check rating radio button is enabled
2023-07-26 02:35:42,545 :INFO : utility.reusbale :Assertion to check rating radio button is enabled
2023-07-26 02:35:42,545 :INFO : utility.reusbale :Assertion to check rating radio button is enabled
2023-07-26 02:35:42,545 :INFO : utility.reusbale :Assertion to check rating radio button is enabled
2023-07-26 02:35:42,545 :INFO : utility.reusbale :Assertion to check rating radio button is enabled
2023-07-26 02:35:42,545 :INFO : utility.reusbale :Assertion to check rating radio button is enabled
2023-07-26 02:35:42,545 :INFO : utility.reusbale :Assertion to check rating radio button is enabled
2023-07-26 02:35:42,545 :INFO : utility.reusbale :Assertion to check rating radio button is enabled
2023-07-26 02:35:42,565 :INFO : utility.reusbale :Assertion to check vote button is enabled
2023-07-26 02:35:42,565 :INFO : utility.reusbale :Assertion to check vote button is enabled
2023-07-26 02:35:42,565 :INFO : utility.reusbale :Assertion to check vote button is enabled
2023-07-26 02:35:42,565 :INFO : utility.reusbale :Assertion to check vote button is enabled
2023-07-26 02:35:42,565 :INFO : utility.reusbale :Assertion to check vote button is enabled
2023-07-26 02:35:42,565 :INFO : utility.reusbale :Assertion to check vote button is enabled
2023-07-26 02:35:42,565 :INFO : utility.reusbale :Assertion to check vote button is enabled
2023-07-26 02:35:42,565 :INFO : utility.reusbale :Assertion to check vote button is enabled
2023-07-26 02:35:42,591 :INFO : utility.reusbale :Assertion to check facebook page  is link enabled
2023-07-26 02:35:42,591 :INFO : utility.reusbale :Assertion to check facebook page  is link enabled
2023-07-26 02:35:42,591 :INFO : utility.reusbale :Assertion to check facebook page  is link enabled
2023-07-26 02:35:42,591 :INFO : utility.reusbale :Assertion to check facebook page  is link enabled
2023-07-26 02:35:42,591 :INFO : utility.reusbale :Assertion to check facebook page  is link enabled
2023-07-26 02:35:42,591 :INFO : utility.reusbale :Assertion to check facebook page  is link enabled
2023-07-26 02:35:42,591 :INFO : utility.reusbale :Assertion to check facebook page  is link enabled
2023-07-26 02:35:42,591 :INFO : utility.reusbale :Assertion to check facebook page  is link enabled
2023-07-26 02:35:42,591 :INFO : utility.reusbale :Assertion to check facebook page  is link enabled
2023-07-26 02:35:42,606 :INFO : utility.reusbale :Assertion to check twitter page  is link enabled
2023-07-26 02:35:42,606 :INFO : utility.reusbale :Assertion to check twitter page  is link enabled
2023-07-26 02:35:42,606 :INFO : utility.reusbale :Assertion to check twitter page  is link enabled
2023-07-26 02:35:42,606 :INFO : utility.reusbale :Assertion to check twitter page  is link enabled
2023-07-26 02:35:42,606 :INFO : utility.reusbale :Assertion to check twitter page  is link enabled
2023-07-26 02:35:42,606 :INFO : utility.reusbale :Assertion to check twitter page  is link enabled
2023-07-26 02:35:42,606 :INFO : utility.reusbale :Assertion to check twitter page  is link enabled
2023-07-26 02:35:42,606 :INFO : utility.reusbale :Assertion to check twitter page  is link enabled
2023-07-26 02:35:42,606 :INFO : utility.reusbale :Assertion to check twitter page  is link enabled
2023-07-26 02:35:42,623 :INFO : utility.reusbale :Assertion to check facebook page link  is enabled
2023-07-26 02:35:42,623 :INFO : utility.reusbale :Assertion to check facebook page link  is enabled
2023-07-26 02:35:42,623 :INFO : utility.reusbale :Assertion to check facebook page link  is enabled
2023-07-26 02:35:42,623 :INFO : utility.reusbale :Assertion to check facebook page link  is enabled
2023-07-26 02:35:42,623 :INFO : utility.reusbale :Assertion to check facebook page link  is enabled
2023-07-26 02:35:42,623 :INFO : utility.reusbale :Assertion to check facebook page link  is enabled
2023-07-26 02:35:42,623 :INFO : utility.reusbale :Assertion to check facebook page link  is enabled
2023-07-26 02:35:42,623 :INFO : utility.reusbale :Assertion to check facebook page link  is enabled
2023-07-26 02:35:42,623 :INFO : utility.reusbale :Assertion to check facebook page link  is enabled
2023-07-26 02:35:42,641 :INFO : utility.reusbale :Assertion to check news page link  is enabled
2023-07-26 02:35:42,641 :INFO : utility.reusbale :Assertion to check news page link  is enabled
2023-07-26 02:35:42,641 :INFO : utility.reusbale :Assertion to check news page link  is enabled
2023-07-26 02:35:42,641 :INFO : utility.reusbale :Assertion to check news page link  is enabled
2023-07-26 02:35:42,641 :INFO : utility.reusbale :Assertion to check news page link  is enabled
2023-07-26 02:35:42,641 :INFO : utility.reusbale :Assertion to check news page link  is enabled
2023-07-26 02:35:42,641 :INFO : utility.reusbale :Assertion to check news page link  is enabled
2023-07-26 02:35:42,641 :INFO : utility.reusbale :Assertion to check news page link  is enabled
2023-07-26 02:35:42,641 :INFO : utility.reusbale :Assertion to check news page link  is enabled
2023-07-26 02:35:42,665 :INFO : utility.reusbale :Assertion to check news letter email field is enabled
2023-07-26 02:35:42,665 :INFO : utility.reusbale :Assertion to check news letter email field is enabled
2023-07-26 02:35:42,665 :INFO : utility.reusbale :Assertion to check news letter email field is enabled
2023-07-26 02:35:42,665 :INFO : utility.reusbale :Assertion to check news letter email field is enabled
2023-07-26 02:35:42,665 :INFO : utility.reusbale :Assertion to check news letter email field is enabled
2023-07-26 02:35:42,665 :INFO : utility.reusbale :Assertion to check news letter email field is enabled
2023-07-26 02:35:42,665 :INFO : utility.reusbale :Assertion to check news letter email field is enabled
2023-07-26 02:35:42,665 :INFO : utility.reusbale :Assertion to check news letter email field is enabled
2023-07-26 02:35:42,665 :INFO : utility.reusbale :Assertion to check news letter email field is enabled
2023-07-26 02:35:42,665 :INFO : utility.reusbale :Assertion to check news letter email field is enabled
2023-07-26 02:35:42,686 :INFO : utility.reusbale :Assertion to check news letter subscribe button is enabled
2023-07-26 02:35:42,686 :INFO : utility.reusbale :Assertion to check news letter subscribe button is enabled
2023-07-26 02:35:42,686 :INFO : utility.reusbale :Assertion to check news letter subscribe button is enabled
2023-07-26 02:35:42,686 :INFO : utility.reusbale :Assertion to check news letter subscribe button is enabled
2023-07-26 02:35:42,686 :INFO : utility.reusbale :Assertion to check news letter subscribe button is enabled
2023-07-26 02:35:42,686 :INFO : utility.reusbale :Assertion to check news letter subscribe button is enabled
2023-07-26 02:35:42,686 :INFO : utility.reusbale :Assertion to check news letter subscribe button is enabled
2023-07-26 02:35:42,686 :INFO : utility.reusbale :Assertion to check news letter subscribe button is enabled
2023-07-26 02:35:42,686 :INFO : utility.reusbale :Assertion to check news letter subscribe button is enabled
2023-07-26 02:35:42,686 :INFO : utility.reusbale :Assertion to check news letter subscribe button is enabled
2023-07-26 02:35:55,130 :INFO : utility.reusbale :Assertion to check enability of logout link
2023-07-26 02:35:55,130 :INFO : utility.reusbale :Assertion to check enability of logout link
2023-07-26 02:35:55,130 :INFO : utility.reusbale :Assertion to check enability of logout link
2023-07-26 02:35:55,130 :INFO : utility.reusbale :Assertion to check enability of logout link
2023-07-26 02:35:55,130 :INFO : utility.reusbale :Assertion to check enability of logout link
2023-07-26 02:35:55,130 :INFO : utility.reusbale :Assertion to check enability of logout link
2023-07-26 02:35:55,130 :INFO : utility.reusbale :Assertion to check enability of logout link
2023-07-26 02:35:55,130 :INFO : utility.reusbale :Assertion to check enability of logout link
2023-07-26 02:35:55,130 :INFO : utility.reusbale :Assertion to check enability of logout link
2023-07-26 02:35:55,130 :INFO : utility.reusbale :Assertion to check enability of logout link
2023-07-26 02:35:55,130 :INFO : utility.reusbale :Assertion to check enability of logout link
2023-07-26 02:35:57,676 :INFO : utility.reusbale :Assertion to un registered user cannot login
2023-07-26 02:35:57,676 :INFO : utility.reusbale :Assertion to un registered user cannot login
2023-07-26 02:35:57,676 :INFO : utility.reusbale :Assertion to un registered user cannot login
2023-07-26 02:35:57,676 :INFO : utility.reusbale :Assertion to un registered user cannot login
2023-07-26 02:35:57,676 :INFO : utility.reusbale :Assertion to un registered user cannot login
2023-07-26 02:35:57,676 :INFO : utility.reusbale :Assertion to un registered user cannot login
2023-07-26 02:35:57,676 :INFO : utility.reusbale :Assertion to un registered user cannot login
2023-07-26 02:35:57,676 :INFO : utility.reusbale :Assertion to un registered user cannot login
2023-07-26 02:35:57,676 :INFO : utility.reusbale :Assertion to un registered user cannot login
2023-07-26 02:35:57,676 :INFO : utility.reusbale :Assertion to un registered user cannot login
2023-07-26 02:35:57,676 :INFO : utility.reusbale :Assertion to un registered user cannot login
2023-07-26 02:35:57,676 :INFO : utility.reusbale :Assertion to un registered user cannot login
2023-07-26 02:36:07,652 :INFO : utility.reusbale :Assertion to check user first name should be correct
2023-07-26 02:36:07,652 :INFO : utility.reusbale :Assertion to check user first name should be correct
2023-07-26 02:36:07,652 :INFO : utility.reusbale :Assertion to check user first name should be correct
2023-07-26 02:36:07,652 :INFO : utility.reusbale :Assertion to check user first name should be correct
2023-07-26 02:36:07,652 :INFO : utility.reusbale :Assertion to check user first name should be correct
2023-07-26 02:36:07,652 :INFO : utility.reusbale :Assertion to check user first name should be correct
2023-07-26 02:36:07,652 :INFO : utility.reusbale :Assertion to check user first name should be correct
2023-07-26 02:36:07,652 :INFO : utility.reusbale :Assertion to check user first name should be correct
2023-07-26 02:36:07,652 :INFO : utility.reusbale :Assertion to check user first name should be correct
2023-07-26 02:36:07,652 :INFO : utility.reusbale :Assertion to check user first name should be correct
2023-07-26 02:36:07,652 :INFO : utility.reusbale :Assertion to check user first name should be correct
2023-07-26 02:36:07,652 :INFO : utility.reusbale :Assertion to check user first name should be correct
2023-07-26 02:36:07,652 :INFO : utility.reusbale :Assertion to check user first name should be correct
2023-07-26 02:36:07,694 :INFO : utility.reusbale :Assertion to check user last name should be correct
2023-07-26 02:36:07,694 :INFO : utility.reusbale :Assertion to check user last name should be correct
2023-07-26 02:36:07,694 :INFO : utility.reusbale :Assertion to check user last name should be correct
2023-07-26 02:36:07,694 :INFO : utility.reusbale :Assertion to check user last name should be correct
2023-07-26 02:36:07,694 :INFO : utility.reusbale :Assertion to check user last name should be correct
2023-07-26 02:36:07,694 :INFO : utility.reusbale :Assertion to check user last name should be correct
2023-07-26 02:36:07,694 :INFO : utility.reusbale :Assertion to check user last name should be correct
2023-07-26 02:36:07,694 :INFO : utility.reusbale :Assertion to check user last name should be correct
2023-07-26 02:36:07,694 :INFO : utility.reusbale :Assertion to check user last name should be correct
2023-07-26 02:36:07,694 :INFO : utility.reusbale :Assertion to check user last name should be correct
2023-07-26 02:36:07,694 :INFO : utility.reusbale :Assertion to check user last name should be correct
2023-07-26 02:36:07,694 :INFO : utility.reusbale :Assertion to check user last name should be correct
2023-07-26 02:36:07,694 :INFO : utility.reusbale :Assertion to check user last name should be correct
2023-07-26 02:36:07,725 :INFO : utility.reusbale :Assertion to check user email should be correct
2023-07-26 02:36:07,725 :INFO : utility.reusbale :Assertion to check user email should be correct
2023-07-26 02:36:07,725 :INFO : utility.reusbale :Assertion to check user email should be correct
2023-07-26 02:36:07,725 :INFO : utility.reusbale :Assertion to check user email should be correct
2023-07-26 02:36:07,725 :INFO : utility.reusbale :Assertion to check user email should be correct
2023-07-26 02:36:07,725 :INFO : utility.reusbale :Assertion to check user email should be correct
2023-07-26 02:36:07,725 :INFO : utility.reusbale :Assertion to check user email should be correct
2023-07-26 02:36:07,725 :INFO : utility.reusbale :Assertion to check user email should be correct
2023-07-26 02:36:07,725 :INFO : utility.reusbale :Assertion to check user email should be correct
2023-07-26 02:36:07,725 :INFO : utility.reusbale :Assertion to check user email should be correct
2023-07-26 02:36:07,725 :INFO : utility.reusbale :Assertion to check user email should be correct
2023-07-26 02:36:07,725 :INFO : utility.reusbale :Assertion to check user email should be correct
2023-07-26 02:36:07,725 :INFO : utility.reusbale :Assertion to check user email should be correct
2023-07-26 02:36:07,734 :INFO : utility.reusbale :Assertion to check enability of customer information link
2023-07-26 02:36:07,734 :INFO : utility.reusbale :Assertion to check enability of customer information link
2023-07-26 02:36:07,734 :INFO : utility.reusbale :Assertion to check enability of customer information link
2023-07-26 02:36:07,734 :INFO : utility.reusbale :Assertion to check enability of customer information link
2023-07-26 02:36:07,734 :INFO : utility.reusbale :Assertion to check enability of customer information link
2023-07-26 02:36:07,734 :INFO : utility.reusbale :Assertion to check enability of customer information link
2023-07-26 02:36:07,734 :INFO : utility.reusbale :Assertion to check enability of customer information link
2023-07-26 02:36:07,734 :INFO : utility.reusbale :Assertion to check enability of customer information link
2023-07-26 02:36:07,734 :INFO : utility.reusbale :Assertion to check enability of customer information link
2023-07-26 02:36:07,734 :INFO : utility.reusbale :Assertion to check enability of customer information link
2023-07-26 02:36:07,734 :INFO : utility.reusbale :Assertion to check enability of customer information link
2023-07-26 02:36:07,734 :INFO : utility.reusbale :Assertion to check enability of customer information link
2023-07-26 02:36:07,734 :INFO : utility.reusbale :Assertion to check enability of customer information link
2023-07-26 02:36:07,763 :INFO : utility.reusbale :Assertion to check enability of customer address link
2023-07-26 02:36:07,763 :INFO : utility.reusbale :Assertion to check enability of customer address link
2023-07-26 02:36:07,763 :INFO : utility.reusbale :Assertion to check enability of customer address link
2023-07-26 02:36:07,763 :INFO : utility.reusbale :Assertion to check enability of customer address link
2023-07-26 02:36:07,763 :INFO : utility.reusbale :Assertion to check enability of customer address link
2023-07-26 02:36:07,763 :INFO : utility.reusbale :Assertion to check enability of customer address link
2023-07-26 02:36:07,763 :INFO : utility.reusbale :Assertion to check enability of customer address link
2023-07-26 02:36:07,763 :INFO : utility.reusbale :Assertion to check enability of customer address link
2023-07-26 02:36:07,763 :INFO : utility.reusbale :Assertion to check enability of customer address link
2023-07-26 02:36:07,763 :INFO : utility.reusbale :Assertion to check enability of customer address link
2023-07-26 02:36:07,763 :INFO : utility.reusbale :Assertion to check enability of customer address link
2023-07-26 02:36:07,763 :INFO : utility.reusbale :Assertion to check enability of customer address link
2023-07-26 02:36:07,763 :INFO : utility.reusbale :Assertion to check enability of customer address link
2023-07-26 02:36:07,781 :INFO : utility.reusbale :Assertion to check enability of customer orders link
2023-07-26 02:36:07,781 :INFO : utility.reusbale :Assertion to check enability of customer orders link
2023-07-26 02:36:07,781 :INFO : utility.reusbale :Assertion to check enability of customer orders link
2023-07-26 02:36:07,781 :INFO : utility.reusbale :Assertion to check enability of customer orders link
2023-07-26 02:36:07,781 :INFO : utility.reusbale :Assertion to check enability of customer orders link
2023-07-26 02:36:07,781 :INFO : utility.reusbale :Assertion to check enability of customer orders link
2023-07-26 02:36:07,781 :INFO : utility.reusbale :Assertion to check enability of customer orders link
2023-07-26 02:36:07,781 :INFO : utility.reusbale :Assertion to check enability of customer orders link
2023-07-26 02:36:07,781 :INFO : utility.reusbale :Assertion to check enability of customer orders link
2023-07-26 02:36:07,781 :INFO : utility.reusbale :Assertion to check enability of customer orders link
2023-07-26 02:36:07,781 :INFO : utility.reusbale :Assertion to check enability of customer orders link
2023-07-26 02:36:07,781 :INFO : utility.reusbale :Assertion to check enability of customer orders link
2023-07-26 02:36:07,781 :INFO : utility.reusbale :Assertion to check enability of customer orders link
2023-07-26 02:36:07,798 :INFO : utility.reusbale :Assertion to check enability of change password button
2023-07-26 02:36:07,798 :INFO : utility.reusbale :Assertion to check enability of change password button
2023-07-26 02:36:07,798 :INFO : utility.reusbale :Assertion to check enability of change password button
2023-07-26 02:36:07,798 :INFO : utility.reusbale :Assertion to check enability of change password button
2023-07-26 02:36:07,798 :INFO : utility.reusbale :Assertion to check enability of change password button
2023-07-26 02:36:07,798 :INFO : utility.reusbale :Assertion to check enability of change password button
2023-07-26 02:36:07,798 :INFO : utility.reusbale :Assertion to check enability of change password button
2023-07-26 02:36:07,798 :INFO : utility.reusbale :Assertion to check enability of change password button
2023-07-26 02:36:07,798 :INFO : utility.reusbale :Assertion to check enability of change password button
2023-07-26 02:36:07,798 :INFO : utility.reusbale :Assertion to check enability of change password button
2023-07-26 02:36:07,798 :INFO : utility.reusbale :Assertion to check enability of change password button
2023-07-26 02:36:07,798 :INFO : utility.reusbale :Assertion to check enability of change password button
2023-07-26 02:36:07,798 :INFO : utility.reusbale :Assertion to check enability of change password button
2023-07-26 02:36:07,818 :INFO : utility.reusbale :Assertion to check enability of backinstocksubscriptions link
2023-07-26 02:36:07,818 :INFO : utility.reusbale :Assertion to check enability of backinstocksubscriptions link
2023-07-26 02:36:07,818 :INFO : utility.reusbale :Assertion to check enability of backinstocksubscriptions link
2023-07-26 02:36:07,818 :INFO : utility.reusbale :Assertion to check enability of backinstocksubscriptions link
2023-07-26 02:36:07,818 :INFO : utility.reusbale :Assertion to check enability of backinstocksubscriptions link
2023-07-26 02:36:07,818 :INFO : utility.reusbale :Assertion to check enability of backinstocksubscriptions link
2023-07-26 02:36:07,818 :INFO : utility.reusbale :Assertion to check enability of backinstocksubscriptions link
2023-07-26 02:36:07,818 :INFO : utility.reusbale :Assertion to check enability of backinstocksubscriptions link
2023-07-26 02:36:07,818 :INFO : utility.reusbale :Assertion to check enability of backinstocksubscriptions link
2023-07-26 02:36:07,818 :INFO : utility.reusbale :Assertion to check enability of backinstocksubscriptions link
2023-07-26 02:36:07,818 :INFO : utility.reusbale :Assertion to check enability of backinstocksubscriptions link
2023-07-26 02:36:07,818 :INFO : utility.reusbale :Assertion to check enability of backinstocksubscriptions link
2023-07-26 02:36:07,818 :INFO : utility.reusbale :Assertion to check enability of backinstocksubscriptions link
2023-07-26 02:36:07,839 :INFO : utility.reusbale :Assertion to check enability of downloadable product link
2023-07-26 02:36:07,839 :INFO : utility.reusbale :Assertion to check enability of downloadable product link
2023-07-26 02:36:07,839 :INFO : utility.reusbale :Assertion to check enability of downloadable product link
2023-07-26 02:36:07,839 :INFO : utility.reusbale :Assertion to check enability of downloadable product link
2023-07-26 02:36:07,839 :INFO : utility.reusbale :Assertion to check enability of downloadable product link
2023-07-26 02:36:07,839 :INFO : utility.reusbale :Assertion to check enability of downloadable product link
2023-07-26 02:36:07,839 :INFO : utility.reusbale :Assertion to check enability of downloadable product link
2023-07-26 02:36:07,839 :INFO : utility.reusbale :Assertion to check enability of downloadable product link
2023-07-26 02:36:07,839 :INFO : utility.reusbale :Assertion to check enability of downloadable product link
2023-07-26 02:36:07,839 :INFO : utility.reusbale :Assertion to check enability of downloadable product link
2023-07-26 02:36:07,839 :INFO : utility.reusbale :Assertion to check enability of downloadable product link
2023-07-26 02:36:07,839 :INFO : utility.reusbale :Assertion to check enability of downloadable product link
2023-07-26 02:36:07,839 :INFO : utility.reusbale :Assertion to check enability of downloadable product link
2023-07-26 02:36:07,855 :INFO : utility.reusbale :Assertion to check enability of product review link
2023-07-26 02:36:07,855 :INFO : utility.reusbale :Assertion to check enability of product review link
2023-07-26 02:36:07,855 :INFO : utility.reusbale :Assertion to check enability of product review link
2023-07-26 02:36:07,855 :INFO : utility.reusbale :Assertion to check enability of product review link
2023-07-26 02:36:07,855 :INFO : utility.reusbale :Assertion to check enability of product review link
2023-07-26 02:36:07,855 :INFO : utility.reusbale :Assertion to check enability of product review link
2023-07-26 02:36:07,855 :INFO : utility.reusbale :Assertion to check enability of product review link
2023-07-26 02:36:07,855 :INFO : utility.reusbale :Assertion to check enability of product review link
2023-07-26 02:36:07,855 :INFO : utility.reusbale :Assertion to check enability of product review link
2023-07-26 02:36:07,855 :INFO : utility.reusbale :Assertion to check enability of product review link
2023-07-26 02:36:07,855 :INFO : utility.reusbale :Assertion to check enability of product review link
2023-07-26 02:36:07,855 :INFO : utility.reusbale :Assertion to check enability of product review link
2023-07-26 02:36:07,855 :INFO : utility.reusbale :Assertion to check enability of product review link
2023-07-26 02:36:07,870 :INFO : utility.reusbale :Assertion to check enability of reward point link
2023-07-26 02:36:07,870 :INFO : utility.reusbale :Assertion to check enability of reward point link
2023-07-26 02:36:07,870 :INFO : utility.reusbale :Assertion to check enability of reward point link
2023-07-26 02:36:07,870 :INFO : utility.reusbale :Assertion to check enability of reward point link
2023-07-26 02:36:07,870 :INFO : utility.reusbale :Assertion to check enability of reward point link
2023-07-26 02:36:07,870 :INFO : utility.reusbale :Assertion to check enability of reward point link
2023-07-26 02:36:07,870 :INFO : utility.reusbale :Assertion to check enability of reward point link
2023-07-26 02:36:07,870 :INFO : utility.reusbale :Assertion to check enability of reward point link
2023-07-26 02:36:07,870 :INFO : utility.reusbale :Assertion to check enability of reward point link
2023-07-26 02:36:07,870 :INFO : utility.reusbale :Assertion to check enability of reward point link
2023-07-26 02:36:07,870 :INFO : utility.reusbale :Assertion to check enability of reward point link
2023-07-26 02:36:07,870 :INFO : utility.reusbale :Assertion to check enability of reward point link
2023-07-26 02:36:07,870 :INFO : utility.reusbale :Assertion to check enability of reward point link
2023-07-26 02:36:14,865 :INFO : utility.reusbale :Assertion to check user regsitered Successfully
2023-07-26 02:36:14,865 :INFO : utility.reusbale :Assertion to check user regsitered Successfully
2023-07-26 02:36:14,865 :INFO : utility.reusbale :Assertion to check user regsitered Successfully
2023-07-26 02:36:14,865 :INFO : utility.reusbale :Assertion to check user regsitered Successfully
2023-07-26 02:36:14,865 :INFO : utility.reusbale :Assertion to check user regsitered Successfully
2023-07-26 02:36:14,865 :INFO : utility.reusbale :Assertion to check user regsitered Successfully
2023-07-26 02:36:14,865 :INFO : utility.reusbale :Assertion to check user regsitered Successfully
2023-07-26 02:36:14,865 :INFO : utility.reusbale :Assertion to check user regsitered Successfully
2023-07-26 02:36:14,865 :INFO : utility.reusbale :Assertion to check user regsitered Successfully
2023-07-26 02:36:14,865 :INFO : utility.reusbale :Assertion to check user regsitered Successfully
2023-07-26 02:36:14,865 :INFO : utility.reusbale :Assertion to check user regsitered Successfully
2023-07-26 02:36:14,865 :INFO : utility.reusbale :Assertion to check user regsitered Successfully
2023-07-26 02:36:14,865 :INFO : utility.reusbale :Assertion to check user regsitered Successfully
2023-07-26 02:36:14,865 :INFO : utility.reusbale :Assertion to check user regsitered Successfully
2023-07-26 02:36:16,420 :INFO : utility.reusbale :Assertion to check user cannot register with incomplete detail
2023-07-26 02:36:16,420 :INFO : utility.reusbale :Assertion to check user cannot register with incomplete detail
2023-07-26 02:36:16,420 :INFO : utility.reusbale :Assertion to check user cannot register with incomplete detail
2023-07-26 02:36:16,420 :INFO : utility.reusbale :Assertion to check user cannot register with incomplete detail
2023-07-26 02:36:16,420 :INFO : utility.reusbale :Assertion to check user cannot register with incomplete detail
2023-07-26 02:36:16,420 :INFO : utility.reusbale :Assertion to check user cannot register with incomplete detail
2023-07-26 02:36:16,420 :INFO : utility.reusbale :Assertion to check user cannot register with incomplete detail
2023-07-26 02:36:16,420 :INFO : utility.reusbale :Assertion to check user cannot register with incomplete detail
2023-07-26 02:36:16,420 :INFO : utility.reusbale :Assertion to check user cannot register with incomplete detail
2023-07-26 02:36:16,420 :INFO : utility.reusbale :Assertion to check user cannot register with incomplete detail
2023-07-26 02:36:16,420 :INFO : utility.reusbale :Assertion to check user cannot register with incomplete detail
2023-07-26 02:36:16,420 :INFO : utility.reusbale :Assertion to check user cannot register with incomplete detail
2023-07-26 02:36:16,420 :INFO : utility.reusbale :Assertion to check user cannot register with incomplete detail
2023-07-26 02:36:16,420 :INFO : utility.reusbale :Assertion to check user cannot register with incomplete detail
2023-07-26 02:36:16,420 :INFO : utility.reusbale :Assertion to check user cannot register with incomplete detail
2023-07-26 02:36:17,912 :INFO : utility.reusbale :Assertion to check user cannot regsitered with invalid
2023-07-26 02:36:17,912 :INFO : utility.reusbale :Assertion to check user cannot regsitered with invalid
2023-07-26 02:36:17,912 :INFO : utility.reusbale :Assertion to check user cannot regsitered with invalid
2023-07-26 02:36:17,912 :INFO : utility.reusbale :Assertion to check user cannot regsitered with invalid
2023-07-26 02:36:17,912 :INFO : utility.reusbale :Assertion to check user cannot regsitered with invalid
2023-07-26 02:36:17,912 :INFO : utility.reusbale :Assertion to check user cannot regsitered with invalid
2023-07-26 02:36:17,912 :INFO : utility.reusbale :Assertion to check user cannot regsitered with invalid
2023-07-26 02:36:17,912 :INFO : utility.reusbale :Assertion to check user cannot regsitered with invalid
2023-07-26 02:36:17,912 :INFO : utility.reusbale :Assertion to check user cannot regsitered with invalid
2023-07-26 02:36:17,912 :INFO : utility.reusbale :Assertion to check user cannot regsitered with invalid
2023-07-26 02:36:17,912 :INFO : utility.reusbale :Assertion to check user cannot regsitered with invalid
2023-07-26 02:36:17,912 :INFO : utility.reusbale :Assertion to check user cannot regsitered with invalid
2023-07-26 02:36:17,912 :INFO : utility.reusbale :Assertion to check user cannot regsitered with invalid
2023-07-26 02:36:17,912 :INFO : utility.reusbale :Assertion to check user cannot regsitered with invalid
2023-07-26 02:36:17,912 :INFO : utility.reusbale :Assertion to check user cannot regsitered with invalid
2023-07-26 02:36:17,912 :INFO : utility.reusbale :Assertion to check user cannot regsitered with invalid
2023-07-26 02:36:23,273 :INFO : utility.reusbale :Assertion to check the title of wishlis page
2023-07-26 02:36:23,273 :INFO : utility.reusbale :Assertion to check the title of wishlis page
2023-07-26 02:36:23,273 :INFO : utility.reusbale :Assertion to check the title of wishlis page
2023-07-26 02:36:23,273 :INFO : utility.reusbale :Assertion to check the title of wishlis page
2023-07-26 02:36:23,273 :INFO : utility.reusbale :Assertion to check the title of wishlis page
2023-07-26 02:36:23,273 :INFO : utility.reusbale :Assertion to check the title of wishlis page
2023-07-26 02:36:23,273 :INFO : utility.reusbale :Assertion to check the title of wishlis page
2023-07-26 02:36:23,273 :INFO : utility.reusbale :Assertion to check the title of wishlis page
2023-07-26 02:36:23,273 :INFO : utility.reusbale :Assertion to check the title of wishlis page
2023-07-26 02:36:23,273 :INFO : utility.reusbale :Assertion to check the title of wishlis page
2023-07-26 02:36:23,273 :INFO : utility.reusbale :Assertion to check the title of wishlis page
2023-07-26 02:36:23,273 :INFO : utility.reusbale :Assertion to check the title of wishlis page
2023-07-26 02:36:23,273 :INFO : utility.reusbale :Assertion to check the title of wishlis page
2023-07-26 02:36:23,273 :INFO : utility.reusbale :Assertion to check the title of wishlis page
2023-07-26 02:36:23,273 :INFO : utility.reusbale :Assertion to check the title of wishlis page
2023-07-26 02:36:23,273 :INFO : utility.reusbale :Assertion to check the title of wishlis page
2023-07-26 02:36:23,273 :INFO : utility.reusbale :Assertion to check the title of wishlis page
2023-07-26 02:36:23,320 :INFO : utility.reusbale :Asserting added product name in wishlist
2023-07-26 02:36:23,320 :INFO : utility.reusbale :Asserting added product name in wishlist
2023-07-26 02:36:23,320 :INFO : utility.reusbale :Asserting added product name in wishlist
2023-07-26 02:36:23,320 :INFO : utility.reusbale :Asserting added product name in wishlist
2023-07-26 02:36:23,320 :INFO : utility.reusbale :Asserting added product name in wishlist
2023-07-26 02:36:23,320 :INFO : utility.reusbale :Asserting added product name in wishlist
2023-07-26 02:36:23,320 :INFO : utility.reusbale :Asserting added product name in wishlist
2023-07-26 02:36:23,320 :INFO : utility.reusbale :Asserting added product name in wishlist
2023-07-26 02:36:23,320 :INFO : utility.reusbale :Asserting added product name in wishlist
2023-07-26 02:36:23,320 :INFO : utility.reusbale :Asserting added product name in wishlist
2023-07-26 02:36:23,320 :INFO : utility.reusbale :Asserting added product name in wishlist
2023-07-26 02:36:23,320 :INFO : utility.reusbale :Asserting added product name in wishlist
2023-07-26 02:36:23,320 :INFO : utility.reusbale :Asserting added product name in wishlist
2023-07-26 02:36:23,320 :INFO : utility.reusbale :Asserting added product name in wishlist
2023-07-26 02:36:23,320 :INFO : utility.reusbale :Asserting added product name in wishlist
2023-07-26 02:36:23,320 :INFO : utility.reusbale :Asserting added product name in wishlist
2023-07-26 02:36:23,320 :INFO : utility.reusbale :Asserting added product name in wishlist
2023-07-26 02:36:23,320 :INFO : utility.reusbale :Asserting added product price in wishlist
2023-07-26 02:36:23,320 :INFO : utility.reusbale :Asserting added product price in wishlist
2023-07-26 02:36:23,320 :INFO : utility.reusbale :Asserting added product price in wishlist
2023-07-26 02:36:23,320 :INFO : utility.reusbale :Asserting added product price in wishlist
2023-07-26 02:36:23,320 :INFO : utility.reusbale :Asserting added product price in wishlist
2023-07-26 02:36:23,320 :INFO : utility.reusbale :Asserting added product price in wishlist
2023-07-26 02:36:23,320 :INFO : utility.reusbale :Asserting added product price in wishlist
2023-07-26 02:36:23,320 :INFO : utility.reusbale :Asserting added product price in wishlist
2023-07-26 02:36:23,320 :INFO : utility.reusbale :Asserting added product price in wishlist
2023-07-26 02:36:23,320 :INFO : utility.reusbale :Asserting added product price in wishlist
2023-07-26 02:36:23,320 :INFO : utility.reusbale :Asserting added product price in wishlist
2023-07-26 02:36:23,320 :INFO : utility.reusbale :Asserting added product price in wishlist
2023-07-26 02:36:23,320 :INFO : utility.reusbale :Asserting added product price in wishlist
2023-07-26 02:36:23,320 :INFO : utility.reusbale :Asserting added product price in wishlist
2023-07-26 02:36:23,320 :INFO : utility.reusbale :Asserting added product price in wishlist
2023-07-26 02:36:23,320 :INFO : utility.reusbale :Asserting added product price in wishlist
2023-07-26 02:36:23,320 :INFO : utility.reusbale :Asserting added product price in wishlist
2023-07-26 02:36:23,331 :INFO : utility.reusbale :Assertion to check enablity of update wishlist button
2023-07-26 02:36:23,331 :INFO : utility.reusbale :Assertion to check enablity of update wishlist button
2023-07-26 02:36:23,331 :INFO : utility.reusbale :Assertion to check enablity of update wishlist button
2023-07-26 02:36:23,331 :INFO : utility.reusbale :Assertion to check enablity of update wishlist button
2023-07-26 02:36:23,331 :INFO : utility.reusbale :Assertion to check enablity of update wishlist button
2023-07-26 02:36:23,331 :INFO : utility.reusbale :Assertion to check enablity of update wishlist button
2023-07-26 02:36:23,331 :INFO : utility.reusbale :Assertion to check enablity of update wishlist button
2023-07-26 02:36:23,331 :INFO : utility.reusbale :Assertion to check enablity of update wishlist button
2023-07-26 02:36:23,331 :INFO : utility.reusbale :Assertion to check enablity of update wishlist button
2023-07-26 02:36:23,331 :INFO : utility.reusbale :Assertion to check enablity of update wishlist button
2023-07-26 02:36:23,331 :INFO : utility.reusbale :Assertion to check enablity of update wishlist button
2023-07-26 02:36:23,331 :INFO : utility.reusbale :Assertion to check enablity of update wishlist button
2023-07-26 02:36:23,331 :INFO : utility.reusbale :Assertion to check enablity of update wishlist button
2023-07-26 02:36:23,331 :INFO : utility.reusbale :Assertion to check enablity of update wishlist button
2023-07-26 02:36:23,331 :INFO : utility.reusbale :Assertion to check enablity of update wishlist button
2023-07-26 02:36:23,331 :INFO : utility.reusbale :Assertion to check enablity of update wishlist button
2023-07-26 02:36:23,331 :INFO : utility.reusbale :Assertion to check enablity of update wishlist button
2023-07-26 02:36:23,348 :INFO : utility.reusbale :Assertion to check enablity of email_friend button 
2023-07-26 02:36:23,348 :INFO : utility.reusbale :Assertion to check enablity of email_friend button 
2023-07-26 02:36:23,348 :INFO : utility.reusbale :Assertion to check enablity of email_friend button 
2023-07-26 02:36:23,348 :INFO : utility.reusbale :Assertion to check enablity of email_friend button 
2023-07-26 02:36:23,348 :INFO : utility.reusbale :Assertion to check enablity of email_friend button 
2023-07-26 02:36:23,348 :INFO : utility.reusbale :Assertion to check enablity of email_friend button 
2023-07-26 02:36:23,348 :INFO : utility.reusbale :Assertion to check enablity of email_friend button 
2023-07-26 02:36:23,348 :INFO : utility.reusbale :Assertion to check enablity of email_friend button 
2023-07-26 02:36:23,348 :INFO : utility.reusbale :Assertion to check enablity of email_friend button 
2023-07-26 02:36:23,348 :INFO : utility.reusbale :Assertion to check enablity of email_friend button 
2023-07-26 02:36:23,348 :INFO : utility.reusbale :Assertion to check enablity of email_friend button 
2023-07-26 02:36:23,348 :INFO : utility.reusbale :Assertion to check enablity of email_friend button 
2023-07-26 02:36:23,348 :INFO : utility.reusbale :Assertion to check enablity of email_friend button 
2023-07-26 02:36:23,348 :INFO : utility.reusbale :Assertion to check enablity of email_friend button 
2023-07-26 02:36:23,348 :INFO : utility.reusbale :Assertion to check enablity of email_friend button 
2023-07-26 02:36:23,348 :INFO : utility.reusbale :Assertion to check enablity of email_friend button 
2023-07-26 02:36:23,348 :INFO : utility.reusbale :Assertion to check enablity of email_friend button 
2023-07-26 02:36:23,362 :INFO : utility.reusbale :Assertion to check add to cart button enability
2023-07-26 02:36:23,362 :INFO : utility.reusbale :Assertion to check add to cart button enability
2023-07-26 02:36:23,362 :INFO : utility.reusbale :Assertion to check add to cart button enability
2023-07-26 02:36:23,362 :INFO : utility.reusbale :Assertion to check add to cart button enability
2023-07-26 02:36:23,362 :INFO : utility.reusbale :Assertion to check add to cart button enability
2023-07-26 02:36:23,362 :INFO : utility.reusbale :Assertion to check add to cart button enability
2023-07-26 02:36:23,362 :INFO : utility.reusbale :Assertion to check add to cart button enability
2023-07-26 02:36:23,362 :INFO : utility.reusbale :Assertion to check add to cart button enability
2023-07-26 02:36:23,362 :INFO : utility.reusbale :Assertion to check add to cart button enability
2023-07-26 02:36:23,362 :INFO : utility.reusbale :Assertion to check add to cart button enability
2023-07-26 02:36:23,362 :INFO : utility.reusbale :Assertion to check add to cart button enability
2023-07-26 02:36:23,362 :INFO : utility.reusbale :Assertion to check add to cart button enability
2023-07-26 02:36:23,362 :INFO : utility.reusbale :Assertion to check add to cart button enability
2023-07-26 02:36:23,362 :INFO : utility.reusbale :Assertion to check add to cart button enability
2023-07-26 02:36:23,362 :INFO : utility.reusbale :Assertion to check add to cart button enability
2023-07-26 02:36:23,362 :INFO : utility.reusbale :Assertion to check add to cart button enability
2023-07-26 02:36:23,362 :INFO : utility.reusbale :Assertion to check add to cart button enability
2023-07-26 02:36:23,375 :INFO : utility.reusbale :Assertion to check add to wishlist button enability
2023-07-26 02:36:23,375 :INFO : utility.reusbale :Assertion to check add to wishlist button enability
2023-07-26 02:36:23,375 :INFO : utility.reusbale :Assertion to check add to wishlist button enability
2023-07-26 02:36:23,375 :INFO : utility.reusbale :Assertion to check add to wishlist button enability
2023-07-26 02:36:23,375 :INFO : utility.reusbale :Assertion to check add to wishlist button enability
2023-07-26 02:36:23,375 :INFO : utility.reusbale :Assertion to check add to wishlist button enability
2023-07-26 02:36:23,375 :INFO : utility.reusbale :Assertion to check add to wishlist button enability
2023-07-26 02:36:23,375 :INFO : utility.reusbale :Assertion to check add to wishlist button enability
2023-07-26 02:36:23,375 :INFO : utility.reusbale :Assertion to check add to wishlist button enability
2023-07-26 02:36:23,375 :INFO : utility.reusbale :Assertion to check add to wishlist button enability
2023-07-26 02:36:23,375 :INFO : utility.reusbale :Assertion to check add to wishlist button enability
2023-07-26 02:36:23,375 :INFO : utility.reusbale :Assertion to check add to wishlist button enability
2023-07-26 02:36:23,375 :INFO : utility.reusbale :Assertion to check add to wishlist button enability
2023-07-26 02:36:23,375 :INFO : utility.reusbale :Assertion to check add to wishlist button enability
2023-07-26 02:36:23,375 :INFO : utility.reusbale :Assertion to check add to wishlist button enability
2023-07-26 02:36:23,375 :INFO : utility.reusbale :Assertion to check add to wishlist button enability
2023-07-26 02:36:23,375 :INFO : utility.reusbale :Assertion to check add to wishlist button enability
